I, [2015-12-16T16:22:44.341008 #8542]  INFO -- default-centos-67: -----> Creating <default-centos-67>...
I, [2015-12-16T16:22:44.682549 #8542]  INFO -- default-centos-67: Sending build context to Docker daemon 11.78 kB
I, [2015-12-16T16:22:44.683006 #8542]  INFO -- default-centos-67: Sending build context to Docker daemon 
I, [2015-12-16T16:22:44.734875 #8542]  INFO -- default-centos-67: Step 0 : FROM centos:6.7
I, [2015-12-16T16:22:48.833840 #8542]  INFO -- default-centos-67: 6.7: Pulling from centos
I, [2015-12-16T16:22:48.834570 #8542]  INFO -- default-centos-67: 47d44cb6f252: Pulling fs layer
I, [2015-12-16T16:22:48.834722 #8542]  INFO -- default-centos-67: 5fc6f5013018: Pulling fs layer
I, [2015-12-16T16:22:48.835087 #8542]  INFO -- default-centos-67: 8e6730e0eaef: Pulling fs layer
I, [2015-12-16T16:22:48.835213 #8542]  INFO -- default-centos-67: b89573a5b116: Pulling fs layer
I, [2015-12-16T16:22:48.835648 #8542]  INFO -- default-centos-67: 3fba1048142f: Pulling fs layer
I, [2015-12-16T16:22:50.073841 #8542]  INFO -- default-centos-67: b89573a5b116: Verifying Checksum
I, [2015-12-16T16:22:50.074080 #8542]  INFO -- default-centos-67: b89573a5b116: Download complete
I, [2015-12-16T16:22:50.076896 #8542]  INFO -- default-centos-67: 47d44cb6f252: Verifying Checksum
I, [2015-12-16T16:22:50.077531 #8542]  INFO -- default-centos-67: 47d44cb6f252: Download complete
I, [2015-12-16T16:22:50.110043 #8542]  INFO -- default-centos-67: 8e6730e0eaef: Verifying Checksum
I, [2015-12-16T16:22:50.110296 #8542]  INFO -- default-centos-67: 8e6730e0eaef: Download complete
I, [2015-12-16T16:22:50.207415 #8542]  INFO -- default-centos-67: 3fba1048142f: Verifying Checksum
I, [2015-12-16T16:22:50.207610 #8542]  INFO -- default-centos-67: 3fba1048142f: Download complete
I, [2015-12-16T16:22:50.338763 #8542]  INFO -- default-centos-67: 47d44cb6f252: Pull complete
I, [2015-12-16T16:26:37.408822 #8542]  INFO -- default-centos-67: 5fc6f5013018: Verifying Checksum
I, [2015-12-16T16:26:37.409073 #8542]  INFO -- default-centos-67: 5fc6f5013018: Download complete
I, [2015-12-16T16:26:42.337761 #8542]  INFO -- default-centos-67: 5fc6f5013018: Pull complete
I, [2015-12-16T16:26:42.485091 #8542]  INFO -- default-centos-67: 8e6730e0eaef: Pull complete
I, [2015-12-16T16:26:42.570607 #8542]  INFO -- default-centos-67: b89573a5b116: Pull complete
I, [2015-12-16T16:26:42.680335 #8542]  INFO -- default-centos-67: 3fba1048142f: Pull complete
I, [2015-12-16T16:26:42.680656 #8542]  INFO -- default-centos-67: Digest: sha256:4f6d8f794af3574eca603b965fc0b63fdf852be29c17d3ab4cad7ec2272b82bd
I, [2015-12-16T16:26:42.691315 #8542]  INFO -- default-centos-67: Status: Downloaded newer image for centos:6.7
I, [2015-12-16T16:26:42.692104 #8542]  INFO -- default-centos-67:  ---> 3fba1048142f
I, [2015-12-16T16:26:42.692392 #8542]  INFO -- default-centos-67: Step 1 : RUN curl -L https://www.chef.io/chef/install.sh | bash
I, [2015-12-16T16:26:43.494270 #8542]  INFO -- default-centos-67:  ---> Running in 92b3eaf0d968
I, [2015-12-16T16:26:43.938015 #8542]  INFO -- default-centos-67: [91m  % Total    % Received % Xferd  Average S[0m[91mpeed   Time    Time     Time  Current
I, [2015-12-16T16:26:43.938261 #8542]  INFO -- default-centos-67:                           Dload  Upload   Total   Spent    Left  Speed
I, [2015-12-16T16:26:44.620424 #8542]  INFO -- default-centos-67: [91m  0     0    0     0    0     0      0      0 --:--:-- --:--:-- --:--:--     0[0m[91m100 19971  100 19971    0     0  20558      0 --:--:-- --:--:-- --:--:-- 29240
I, [2015-12-16T16:26:44.629017 #8542]  INFO -- default-centos-67: Getting information for chef stable  for el...
I, [2015-12-16T16:26:44.629974 #8542]  INFO -- default-centos-67: downloading https://omnitruck-origin.chef.io/stable/chef/metadata?v=&p=el&pv=6&m=x86_64
I, [2015-12-16T16:26:44.630274 #8542]  INFO -- default-centos-67:   to file /tmp/install.sh.7/metadata.txt
I, [2015-12-16T16:26:44.631064 #8542]  INFO -- default-centos-67: trying curl...
I, [2015-12-16T16:26:45.755746 #8542]  INFO -- default-centos-67: url	https://opscode-omnibus-packages.s3.amazonaws.com/el/6/x86_64/chef-12.5.1-1.el6.x86_64.rpm
I, [2015-12-16T16:26:45.755972 #8542]  INFO -- default-centos-67: md5	ef7dab3bc7a3b9aca6899de6892497d3
I, [2015-12-16T16:26:45.756099 #8542]  INFO -- default-centos-67: sha256	76dda2a604738ba8f7790261180d75fc1949a441a4bd791cb9a0857b6e11c72d
I, [2015-12-16T16:26:45.760112 #8542]  INFO -- default-centos-67: downloaded metadata file looks valid...
I, [2015-12-16T16:26:45.771668 #8542]  INFO -- default-centos-67: downloading https://opscode-omnibus-packages.s3.amazonaws.com/el/6/x86_64/chef-12.5.1-1.el6.x86_64.rpm
I, [2015-12-16T16:26:45.772053 #8542]  INFO -- default-centos-67:   to file /tmp/install.sh.7/chef-12.5.1-1.el6.x86_64.rpm
I, [2015-12-16T16:26:45.772721 #8542]  INFO -- default-centos-67: trying curl...
I, [2015-12-16T16:27:07.716961 #8542]  INFO -- default-centos-67: Comparing checksum with sha256sum...
I, [2015-12-16T16:27:07.940775 #8542]  INFO -- default-centos-67: 
I, [2015-12-16T16:27:07.941035 #8542]  INFO -- default-centos-67: WARNING WARNING WARNING WARNING WARNING WARNING WARNING WARNING WARNING
I, [2015-12-16T16:27:07.941174 #8542]  INFO -- default-centos-67: 
I, [2015-12-16T16:27:07.941348 #8542]  INFO -- default-centos-67: You are installing an omnibus package without a version pin.  If you are installing
I, [2015-12-16T16:27:07.941462 #8542]  INFO -- default-centos-67: on production servers via an automated process this is DANGEROUS and you will
I, [2015-12-16T16:27:07.941620 #8542]  INFO -- default-centos-67: be upgraded without warning on new releases, even to new major releases.
I, [2015-12-16T16:27:07.941811 #8542]  INFO -- default-centos-67: Letting the version float is only appropriate in desktop, test, development or
I, [2015-12-16T16:27:07.941962 #8542]  INFO -- default-centos-67: CI/CD environments.
I, [2015-12-16T16:27:07.942131 #8542]  INFO -- default-centos-67: 
I, [2015-12-16T16:27:07.942306 #8542]  INFO -- default-centos-67: WARNING WARNING WARNING WARNING WARNING WARNING WARNING WARNING WARNING
I, [2015-12-16T16:27:07.942451 #8542]  INFO -- default-centos-67: 
I, [2015-12-16T16:27:07.942603 #8542]  INFO -- default-centos-67: Installing chef 
I, [2015-12-16T16:27:07.942814 #8542]  INFO -- default-centos-67: installing with rpm...
I, [2015-12-16T16:27:07.980977 #8542]  INFO -- default-centos-67: [91mwarning: /tmp/install.sh.7/chef-12.5.1-1.el6.x86_64.rpm: Header V4 DSA/SHA1 Signature, key ID 83ef826a: NOKEY
I, [2015-12-16T16:27:08.106287 #8542]  INFO -- default-centos-67: Preparing...                ##################################################
I, [2015-12-16T16:27:10.917416 #8542]  INFO -- default-centos-67: chef                        ##################################################Thank you for installing Chef!
I, [2015-12-16T16:27:17.240660 #8542]  INFO -- default-centos-67:  ---> b039baf75988
I, [2015-12-16T16:27:18.530022 #8542]  INFO -- default-centos-67: Removing intermediate container 92b3eaf0d968
I, [2015-12-16T16:27:18.530815 #8542]  INFO -- default-centos-67: Step 2 : RUN BUSSER_ROOT=/opt/busser GEM_HOME=/opt/busser/gems GEM_PATH=/opt/busser/gems GEM_CACHE=/opt/busser/gems/cache /opt/chef/embedded/bin/gem install busser --no-rdoc --no-ri
I, [2015-12-16T16:27:19.464384 #8542]  INFO -- default-centos-67:  ---> Running in 1959774246c4
I, [2015-12-16T16:27:24.363205 #8542]  INFO -- default-centos-67: Successfully installed thor-0.19.0
I, [2015-12-16T16:27:24.363936 #8542]  INFO -- default-centos-67: Successfully installed busser-0.7.1
I, [2015-12-16T16:27:24.364224 #8542]  INFO -- default-centos-67: 2 gems installed
I, [2015-12-16T16:27:27.509816 #8542]  INFO -- default-centos-67:  ---> 7e72767f98ec
I, [2015-12-16T16:27:28.393777 #8542]  INFO -- default-centos-67: Removing intermediate container 1959774246c4
I, [2015-12-16T16:27:28.394054 #8542]  INFO -- default-centos-67: Step 3 : RUN BUSSER_ROOT=/opt/busser GEM_HOME=/opt/busser/gems GEM_PATH=/opt/busser/gems GEM_CACHE=/opt/busser/gems/cache /opt/chef/embedded/bin/gem install serverspec --no-rdoc --no-ri
I, [2015-12-16T16:27:28.630991 #8542]  INFO -- default-centos-67:  ---> Running in 5cd354ff3253
I, [2015-12-16T16:27:40.551641 #8542]  INFO -- default-centos-67: Successfully installed sfl-2.2
I, [2015-12-16T16:27:40.556477 #8542]  INFO -- default-centos-67: Successfully installed net-telnet-0.1.1
I, [2015-12-16T16:27:40.556659 #8542]  INFO -- default-centos-67: Successfully installed net-ssh-3.0.1
I, [2015-12-16T16:27:40.556856 #8542]  INFO -- default-centos-67: Successfully installed net-scp-1.2.1
I, [2015-12-16T16:27:40.556946 #8542]  INFO -- default-centos-67: Successfully installed specinfra-2.47.0
I, [2015-12-16T16:27:40.557071 #8542]  INFO -- default-centos-67: Successfully installed multi_json-1.11.2
I, [2015-12-16T16:27:40.557179 #8542]  INFO -- default-centos-67: Successfully installed diff-lcs-1.2.5
I, [2015-12-16T16:27:40.557297 #8542]  INFO -- default-centos-67: Successfully installed rspec-support-3.4.1
I, [2015-12-16T16:27:40.557377 #8542]  INFO -- default-centos-67: Successfully installed rspec-expectations-3.4.0
I, [2015-12-16T16:27:40.557470 #8542]  INFO -- default-centos-67: Successfully installed rspec-core-3.4.1
I, [2015-12-16T16:27:40.557550 #8542]  INFO -- default-centos-67: Successfully installed rspec-its-1.2.0
I, [2015-12-16T16:27:40.557652 #8542]  INFO -- default-centos-67: Successfully installed rspec-mocks-3.4.0
I, [2015-12-16T16:27:40.557732 #8542]  INFO -- default-centos-67: Successfully installed rspec-3.4.0
I, [2015-12-16T16:27:40.557810 #8542]  INFO -- default-centos-67: Successfully installed serverspec-2.25.0
I, [2015-12-16T16:27:40.557912 #8542]  INFO -- default-centos-67: 14 gems installed
I, [2015-12-16T16:27:45.793538 #8542]  INFO -- default-centos-67:  ---> 360fd89ba204
I, [2015-12-16T16:27:46.977753 #8542]  INFO -- default-centos-67: Removing intermediate container 5cd354ff3253
I, [2015-12-16T16:27:46.977966 #8542]  INFO -- default-centos-67: Step 4 : RUN BUSSER_ROOT=/opt/busser GEM_HOME=/opt/busser/gems GEM_PATH=/opt/busser/gems GEM_CACHE=/opt/busser/gems/cache /opt/busser/gems/bin/busser setup
I, [2015-12-16T16:27:47.189902 #8542]  INFO -- default-centos-67:  ---> Running in 4aee48c7c1c4
I, [2015-12-16T16:27:47.511001 #8542]  INFO -- default-centos-67: -----> Setting up Busser
I, [2015-12-16T16:27:47.511439 #8542]  INFO -- default-centos-67: Creating BUSSER_ROOT in /opt/busser
I, [2015-12-16T16:27:47.512033 #8542]  INFO -- default-centos-67: Creating busser binstub
I, [2015-12-16T16:27:51.109265 #8542]  INFO -- default-centos-67:  ---> b4c69efd2a7c
I, [2015-12-16T16:27:51.944450 #8542]  INFO -- default-centos-67: Removing intermediate container 4aee48c7c1c4
I, [2015-12-16T16:27:51.945080 #8542]  INFO -- default-centos-67: Step 5 : RUN BUSSER_ROOT=/opt/busser GEM_HOME=/opt/busser/gems GEM_PATH=/opt/busser/gems GEM_CACHE=/opt/busser/gems/cache /opt/busser/gems/bin/busser plugin install busser-serverspec
I, [2015-12-16T16:27:52.136676 #8542]  INFO -- default-centos-67:  ---> Running in d77004b2a5a1
I, [2015-12-16T16:27:56.926546 #8542]  INFO -- default-centos-67: Plugin serverspec installed (version 0.5.7)
I, [2015-12-16T16:27:56.933018 #8542]  INFO -- default-centos-67: -----> Running postinstall for serverspec plugin
I, [2015-12-16T16:28:02.390679 #8542]  INFO -- default-centos-67:  ---> 0b6c3ada0a3c
I, [2015-12-16T16:28:03.327927 #8542]  INFO -- default-centos-67: Removing intermediate container d77004b2a5a1
I, [2015-12-16T16:28:03.328115 #8542]  INFO -- default-centos-67: Successfully built 0b6c3ada0a3c
I, [2015-12-16T16:28:03.690578 #8542]  INFO -- default-centos-67: 4003c301754622dbd9f74be37dbdd5070626fb7b4cd46e2b83a20d01943dbd50
I, [2015-12-16T16:28:04.853144 #8542]  INFO -- default-centos-67: Error response from daemon: Cannot start container 4003c301754622dbd9f74be37dbdd5070626fb7b4cd46e2b83a20d01943dbd50: [8] System error: exec: "/usr/sbin/sshd": stat /usr/sbin/sshd: no such file or directory
E, [2015-12-16T16:28:04.854332 #8542] ERROR -- default-centos-67: Create failed on instance <default-centos-67>.
E, [2015-12-16T16:28:04.855597 #8542] ERROR -- default-centos-67: ------Exception-------
E, [2015-12-16T16:28:04.855792 #8542] ERROR -- default-centos-67: Class: Kitchen::ShellOut::ShellCommandFailed
E, [2015-12-16T16:28:04.855935 #8542] ERROR -- default-centos-67: Message: Expected process to exit with [0], but received '1'
---- Begin output of sudo -E docker -H unix:///var/run/docker.sock run -d -p 22 0b6c3ada0a3c /usr/sbin/sshd -D -o UseDNS=no -o UsePAM=no -o PasswordAuthentication=yes -o UsePrivilegeSeparation=no -o PidFile=/tmp/sshd.pid ----
STDOUT: 4003c301754622dbd9f74be37dbdd5070626fb7b4cd46e2b83a20d01943dbd50
STDERR: Error response from daemon: Cannot start container 4003c301754622dbd9f74be37dbdd5070626fb7b4cd46e2b83a20d01943dbd50: [8] System error: exec: "/usr/sbin/sshd": stat /usr/sbin/sshd: no such file or directory
---- End output of sudo -E docker -H unix:///var/run/docker.sock run -d -p 22 0b6c3ada0a3c /usr/sbin/sshd -D -o UseDNS=no -o UsePAM=no -o PasswordAuthentication=yes -o UsePrivilegeSeparation=no -o PidFile=/tmp/sshd.pid ----
Ran sudo -E docker -H unix:///var/run/docker.sock run -d -p 22 0b6c3ada0a3c /usr/sbin/sshd -D -o UseDNS=no -o UsePAM=no -o PasswordAuthentication=yes -o UsePrivilegeSeparation=no -o PidFile=/tmp/sshd.pid returned 1
E, [2015-12-16T16:28:04.856075 #8542] ERROR -- default-centos-67: ---Nested Exception---
E, [2015-12-16T16:28:04.856212 #8542] ERROR -- default-centos-67: Class: Mixlib::ShellOut::ShellCommandFailed
E, [2015-12-16T16:28:04.856393 #8542] ERROR -- default-centos-67: Message: Expected process to exit with [0], but received '1'
---- Begin output of sudo -E docker -H unix:///var/run/docker.sock run -d -p 22 0b6c3ada0a3c /usr/sbin/sshd -D -o UseDNS=no -o UsePAM=no -o PasswordAuthentication=yes -o UsePrivilegeSeparation=no -o PidFile=/tmp/sshd.pid ----
STDOUT: 4003c301754622dbd9f74be37dbdd5070626fb7b4cd46e2b83a20d01943dbd50
STDERR: Error response from daemon: Cannot start container 4003c301754622dbd9f74be37dbdd5070626fb7b4cd46e2b83a20d01943dbd50: [8] System error: exec: "/usr/sbin/sshd": stat /usr/sbin/sshd: no such file or directory
---- End output of sudo -E docker -H unix:///var/run/docker.sock run -d -p 22 0b6c3ada0a3c /usr/sbin/sshd -D -o UseDNS=no -o UsePAM=no -o PasswordAuthentication=yes -o UsePrivilegeSeparation=no -o PidFile=/tmp/sshd.pid ----
Ran sudo -E docker -H unix:///var/run/docker.sock run -d -p 22 0b6c3ada0a3c /usr/sbin/sshd -D -o UseDNS=no -o UsePAM=no -o PasswordAuthentication=yes -o UsePrivilegeSeparation=no -o PidFile=/tmp/sshd.pid returned 1
E, [2015-12-16T16:28:04.856512 #8542] ERROR -- default-centos-67: ------Backtrace-------
E, [2015-12-16T16:28:04.856709 #8542] ERROR -- default-centos-67: /opt/chefdk/embedded/lib/ruby/gems/2.1.0/gems/test-kitchen-1.4.2/lib/kitchen/shell_out.rb:73:in `rescue in run_command'
E, [2015-12-16T16:28:04.856864 #8542] ERROR -- default-centos-67: /opt/chefdk/embedded/lib/ruby/gems/2.1.0/gems/test-kitchen-1.4.2/lib/kitchen/shell_out.rb:61:in `run_command'
E, [2015-12-16T16:28:04.856994 #8542] ERROR -- default-centos-67: /opt/chefdk/embedded/lib/ruby/gems/2.1.0/gems/test-kitchen-1.4.2/lib/kitchen/driver/ssh_base.rb:328:in `run_command'
E, [2015-12-16T16:28:04.857112 #8542] ERROR -- default-centos-67: /opt/chefdk/embedded/lib/ruby/gems/2.1.0/gems/kitchen-docker-2.3.0/lib/kitchen/driver/docker.rb:136:in `docker_command'
E, [2015-12-16T16:28:04.857263 #8542] ERROR -- default-centos-67: /opt/chefdk/embedded/lib/ruby/gems/2.1.0/gems/kitchen-docker-2.3.0/lib/kitchen/driver/docker.rb:295:in `run_container'
E, [2015-12-16T16:28:04.857395 #8542] ERROR -- default-centos-67: /opt/chefdk/embedded/lib/ruby/gems/2.1.0/gems/kitchen-docker-2.3.0/lib/kitchen/driver/docker.rb:105:in `create'
E, [2015-12-16T16:28:04.857567 #8542] ERROR -- default-centos-67: /opt/chefdk/embedded/lib/ruby/gems/2.1.0/gems/test-kitchen-1.4.2/lib/kitchen/instance.rb:424:in `public_send'
E, [2015-12-16T16:28:04.857695 #8542] ERROR -- default-centos-67: /opt/chefdk/embedded/lib/ruby/gems/2.1.0/gems/test-kitchen-1.4.2/lib/kitchen/instance.rb:424:in `block in perform_action'
E, [2015-12-16T16:28:04.857849 #8542] ERROR -- default-centos-67: /opt/chefdk/embedded/lib/ruby/gems/2.1.0/gems/test-kitchen-1.4.2/lib/kitchen/instance.rb:488:in `call'
E, [2015-12-16T16:28:04.858026 #8542] ERROR -- default-centos-67: /opt/chefdk/embedded/lib/ruby/gems/2.1.0/gems/test-kitchen-1.4.2/lib/kitchen/instance.rb:488:in `synchronize_or_call'
E, [2015-12-16T16:28:04.858172 #8542] ERROR -- default-centos-67: /opt/chefdk/embedded/lib/ruby/gems/2.1.0/gems/test-kitchen-1.4.2/lib/kitchen/instance.rb:453:in `block in action'
E, [2015-12-16T16:28:04.858339 #8542] ERROR -- default-centos-67: /opt/chefdk/embedded/lib/ruby/2.1.0/benchmark.rb:279:in `measure'
E, [2015-12-16T16:28:04.858432 #8542] ERROR -- default-centos-67: /opt/chefdk/embedded/lib/ruby/gems/2.1.0/gems/test-kitchen-1.4.2/lib/kitchen/instance.rb:452:in `action'
E, [2015-12-16T16:28:04.858633 #8542] ERROR -- default-centos-67: /opt/chefdk/embedded/lib/ruby/gems/2.1.0/gems/test-kitchen-1.4.2/lib/kitchen/instance.rb:424:in `perform_action'
E, [2015-12-16T16:28:04.858777 #8542] ERROR -- default-centos-67: /opt/chefdk/embedded/lib/ruby/gems/2.1.0/gems/test-kitchen-1.4.2/lib/kitchen/instance.rb:352:in `create_action'
E, [2015-12-16T16:28:04.858926 #8542] ERROR -- default-centos-67: /opt/chefdk/embedded/lib/ruby/gems/2.1.0/gems/test-kitchen-1.4.2/lib/kitchen/instance.rb:341:in `block in transition_to'
E, [2015-12-16T16:28:04.859177 #8542] ERROR -- default-centos-67: /opt/chefdk/embedded/lib/ruby/gems/2.1.0/gems/test-kitchen-1.4.2/lib/kitchen/instance.rb:340:in `each'
E, [2015-12-16T16:28:04.859368 #8542] ERROR -- default-centos-67: /opt/chefdk/embedded/lib/ruby/gems/2.1.0/gems/test-kitchen-1.4.2/lib/kitchen/instance.rb:340:in `transition_to'
E, [2015-12-16T16:28:04.859489 #8542] ERROR -- default-centos-67: /opt/chefdk/embedded/lib/ruby/gems/2.1.0/gems/test-kitchen-1.4.2/lib/kitchen/instance.rb:138:in `converge'
E, [2015-12-16T16:28:04.859621 #8542] ERROR -- default-centos-67: /opt/chefdk/embedded/lib/ruby/gems/2.1.0/gems/test-kitchen-1.4.2/lib/kitchen/command.rb:176:in `public_send'
E, [2015-12-16T16:28:04.859758 #8542] ERROR -- default-centos-67: /opt/chefdk/embedded/lib/ruby/gems/2.1.0/gems/test-kitchen-1.4.2/lib/kitchen/command.rb:176:in `block (2 levels) in run_action'
E, [2015-12-16T16:28:04.859906 #8542] ERROR -- default-centos-67: ----------------------
